=/pretest.json
{
  _: [],
  f: [
    '/home/runner/work/exp-identify-context-free-languages-using-pumping-lemma-au/exp-identify-context-free-languages-using-pumping-lemma-au/experiment/pretest.json'
  ],
  files: [
    '/home/runner/work/exp-identify-context-free-languages-using-pumping-lemma-au/exp-identify-context-free-languages-using-pumping-lemma-au/experiment/pretest.json'
  ],
  c: 'assessment',
  contentTypes: 'assessment',
  'content-types': 'assessment',
  '$0': 'validate'
}
/questions/2/correctAnswer: must be string

/questions/4/correctAnswer: must be string

Json Error: must match "then" schema
Json Error: must match "then" schema
Failed while validating /home/runner/work/exp-identify-context-free-languages-using-pumping-lemma-au/exp-identify-context-free-languages-using-pumping-lemma-au/experiment/pretest.json
Error: Schema is Invalid
=/posttest.json
{
  _: [],
  f: [
    '/home/runner/work/exp-identify-context-free-languages-using-pumping-lemma-au/exp-identify-context-free-languages-using-pumping-lemma-au/experiment/posttest.json'
  ],
  files: [
    '/home/runner/work/exp-identify-context-free-languages-using-pumping-lemma-au/exp-identify-context-free-languages-using-pumping-lemma-au/experiment/posttest.json'
  ],
  c: 'assessment',
  contentTypes: 'assessment',
  'content-types': 'assessment',
  '$0': 'validate'
}
Validated true
